<?xml version="1.0" encoding="UTF-8"?>
<testsuite xmlns:xsi="http://www.w3.org/2001/XMLSchema-instance" xsi:noNamespaceSchemaLocation="https://maven.apache.org/surefire/maven-surefire-plugin/xsd/surefire-test-report.xsd" version="3.0.2" name="org.example.LifeRecordServiceImplTest" time="0.029" tests="12" errors="0" skipped="0" failures="0">
  <properties>
    <property name="socksProxyHost" value="127.0.0.1"/>
    <property name="http.proxyHost" value="127.0.0.1"/>
    <property name="java.specification.version" value="24"/>
    <property name="sun.jnu.encoding" value="UTF-8"/>
    <property name="java.class.path" value="/Users/kalenitid/TraeProjects/helper/target/test-classes:/Users/kalenitid/TraeProjects/helper/target/classes:/Users/kalenitid/.m2/repository/org/springframework/boot/spring-boot-starter-web/3.4.3/spring-boot-starter-web-3.4.3.jar:/Users/kalenitid/.m2/repository/org/springframework/boot/spring-boot-starter/3.4.3/spring-boot-starter-3.4.3.jar:/Users/kalenitid/.m2/repository/org/springframework/boot/spring-boot/3.4.3/spring-boot-3.4.3.jar:/Users/kalenitid/.m2/repository/org/springframework/boot/spring-boot-autoconfigure/3.4.3/spring-boot-autoconfigure-3.4.3.jar:/Users/kalenitid/.m2/repository/org/springframework/boot/spring-boot-starter-logging/3.4.3/spring-boot-starter-logging-3.4.3.jar:/Users/kalenitid/.m2/repository/ch/qos/logback/logback-classic/1.5.16/logback-classic-1.5.16.jar:/Users/kalenitid/.m2/repository/ch/qos/logback/logback-core/1.5.16/logback-core-1.5.16.jar:/Users/kalenitid/.m2/repository/org/apache/logging/log4j/log4j-to-slf4j/2.24.3/log4j-to-slf4j-2.24.3.jar:/Users/kalenitid/.m2/repository/org/apache/logging/log4j/log4j-api/2.24.3/log4j-api-2.24.3.jar:/Users/kalenitid/.m2/repository/org/slf4j/jul-to-slf4j/2.0.16/jul-to-slf4j-2.0.16.jar:/Users/kalenitid/.m2/repository/jakarta/annotation/jakarta.annotation-api/2.1.1/jakarta.annotation-api-2.1.1.jar:/Users/kalenitid/.m2/repository/org/yaml/snakeyaml/2.3/snakeyaml-2.3.jar:/Users/kalenitid/.m2/repository/org/springframework/boot/spring-boot-starter-json/3.4.3/spring-boot-starter-json-3.4.3.jar:/Users/kalenitid/.m2/repository/com/fasterxml/jackson/core/jackson-databind/2.18.2/jackson-databind-2.18.2.jar:/Users/kalenitid/.m2/repository/com/fasterxml/jackson/core/jackson-annotations/2.18.2/jackson-annotations-2.18.2.jar:/Users/kalenitid/.m2/repository/com/fasterxml/jackson/core/jackson-core/2.18.2/jackson-core-2.18.2.jar:/Users/kalenitid/.m2/repository/com/fasterxml/jackson/datatype/jackson-datatype-jdk8/2.18.2/jackson-datatype-jdk8-2.18.2.jar:/Users/kalenitid/.m2/repository/com/fasterxml/jackson/datatype/jackson-datatype-jsr310/2.18.2/jackson-datatype-jsr310-2.18.2.jar:/Users/kalenitid/.m2/repository/com/fasterxml/jackson/module/jackson-module-parameter-names/2.18.2/jackson-module-parameter-names-2.18.2.jar:/Users/kalenitid/.m2/repository/org/springframework/boot/spring-boot-starter-tomcat/3.4.3/spring-boot-starter-tomcat-3.4.3.jar:/Users/kalenitid/.m2/repository/org/apache/tomcat/embed/tomcat-embed-core/10.1.36/tomcat-embed-core-10.1.36.jar:/Users/kalenitid/.m2/repository/org/apache/tomcat/embed/tomcat-embed-el/10.1.36/tomcat-embed-el-10.1.36.jar:/Users/kalenitid/.m2/repository/org/apache/tomcat/embed/tomcat-embed-websocket/10.1.36/tomcat-embed-websocket-10.1.36.jar:/Users/kalenitid/.m2/repository/org/springframework/spring-web/6.2.3/spring-web-6.2.3.jar:/Users/kalenitid/.m2/repository/org/springframework/spring-beans/6.2.3/spring-beans-6.2.3.jar:/Users/kalenitid/.m2/repository/io/micrometer/micrometer-observation/1.14.4/micrometer-observation-1.14.4.jar:/Users/kalenitid/.m2/repository/io/micrometer/micrometer-commons/1.14.4/micrometer-commons-1.14.4.jar:/Users/kalenitid/.m2/repository/org/springframework/spring-webmvc/6.2.3/spring-webmvc-6.2.3.jar:/Users/kalenitid/.m2/repository/org/springframework/spring-aop/6.2.3/spring-aop-6.2.3.jar:/Users/kalenitid/.m2/repository/org/springframework/spring-context/6.2.3/spring-context-6.2.3.jar:/Users/kalenitid/.m2/repository/org/springframework/spring-expression/6.2.3/spring-expression-6.2.3.jar:/Users/kalenitid/.m2/repository/org/mybatis/spring/boot/mybatis-spring-boot-starter/3.0.4/mybatis-spring-boot-starter-3.0.4.jar:/Users/kalenitid/.m2/repository/org/springframework/boot/spring-boot-starter-jdbc/3.4.3/spring-boot-starter-jdbc-3.4.3.jar:/Users/kalenitid/.m2/repository/com/zaxxer/HikariCP/5.1.0/HikariCP-5.1.0.jar:/Users/kalenitid/.m2/repository/org/springframework/spring-jdbc/6.2.3/spring-jdbc-6.2.3.jar:/Users/kalenitid/.m2/repository/org/mybatis/spring/boot/mybatis-spring-boot-autoconfigure/3.0.4/mybatis-spring-boot-autoconfigure-3.0.4.jar:/Users/kalenitid/.m2/repository/org/mybatis/mybatis/3.5.17/mybatis-3.5.17.jar:/Users/kalenitid/.m2/repository/org/mybatis/mybatis-spring/3.0.4/mybatis-spring-3.0.4.jar:/Users/kalenitid/.m2/repository/org/springframework/boot/spring-boot-starter-data-redis/3.4.3/spring-boot-starter-data-redis-3.4.3.jar:/Users/kalenitid/.m2/repository/io/lettuce/lettuce-core/6.4.2.RELEASE/lettuce-core-6.4.2.RELEASE.jar:/Users/kalenitid/.m2/repository/io/netty/netty-common/4.1.118.Final/netty-common-4.1.118.Final.jar:/Users/kalenitid/.m2/repository/io/netty/netty-handler/4.1.118.Final/netty-handler-4.1.118.Final.jar:/Users/kalenitid/.m2/repository/io/netty/netty-resolver/4.1.118.Final/netty-resolver-4.1.118.Final.jar:/Users/kalenitid/.m2/repository/io/netty/netty-buffer/4.1.118.Final/netty-buffer-4.1.118.Final.jar:/Users/kalenitid/.m2/repository/io/netty/netty-transport-native-unix-common/4.1.118.Final/netty-transport-native-unix-common-4.1.118.Final.jar:/Users/kalenitid/.m2/repository/io/netty/netty-codec/4.1.118.Final/netty-codec-4.1.118.Final.jar:/Users/kalenitid/.m2/repository/io/netty/netty-transport/4.1.118.Final/netty-transport-4.1.118.Final.jar:/Users/kalenitid/.m2/repository/io/projectreactor/reactor-core/3.7.3/reactor-core-3.7.3.jar:/Users/kalenitid/.m2/repository/org/reactivestreams/reactive-streams/1.0.4/reactive-streams-1.0.4.jar:/Users/kalenitid/.m2/repository/org/springframework/data/spring-data-redis/3.4.3/spring-data-redis-3.4.3.jar:/Users/kalenitid/.m2/repository/org/springframework/data/spring-data-keyvalue/3.4.3/spring-data-keyvalue-3.4.3.jar:/Users/kalenitid/.m2/repository/org/springframework/data/spring-data-commons/3.4.3/spring-data-commons-3.4.3.jar:/Users/kalenitid/.m2/repository/org/springframework/spring-tx/6.2.3/spring-tx-6.2.3.jar:/Users/kalenitid/.m2/repository/org/springframework/spring-oxm/6.2.3/spring-oxm-6.2.3.jar:/Users/kalenitid/.m2/repository/org/springframework/spring-context-support/6.2.3/spring-context-support-6.2.3.jar:/Users/kalenitid/.m2/repository/org/slf4j/slf4j-api/2.0.16/slf4j-api-2.0.16.jar:/Users/kalenitid/.m2/repository/cn/hutool/hutool-all/5.7.17/hutool-all-5.7.17.jar:/Users/kalenitid/.m2/repository/org/apache/commons/commons-pool2/2.12.1/commons-pool2-2.12.1.jar:/Users/kalenitid/.m2/repository/com/mysql/mysql-connector-j/9.1.0/mysql-connector-j-9.1.0.jar:/Users/kalenitid/.m2/repository/org/projectlombok/lombok/1.18.26/lombok-1.18.26.jar:/Users/kalenitid/.m2/repository/org/springframework/boot/spring-boot-starter-test/3.4.3/spring-boot-starter-test-3.4.3.jar:/Users/kalenitid/.m2/repository/org/springframework/boot/spring-boot-test/3.4.3/spring-boot-test-3.4.3.jar:/Users/kalenitid/.m2/repository/org/springframework/boot/spring-boot-test-autoconfigure/3.4.3/spring-boot-test-autoconfigure-3.4.3.jar:/Users/kalenitid/.m2/repository/com/jayway/jsonpath/json-path/2.9.0/json-path-2.9.0.jar:/Users/kalenitid/.m2/repository/jakarta/xml/bind/jakarta.xml.bind-api/4.0.2/jakarta.xml.bind-api-4.0.2.jar:/Users/kalenitid/.m2/repository/jakarta/activation/jakarta.activation-api/2.1.3/jakarta.activation-api-2.1.3.jar:/Users/kalenitid/.m2/repository/net/minidev/json-smart/2.5.2/json-smart-2.5.2.jar:/Users/kalenitid/.m2/repository/net/minidev/accessors-smart/2.5.2/accessors-smart-2.5.2.jar:/Users/kalenitid/.m2/repository/org/ow2/asm/asm/9.7.1/asm-9.7.1.jar:/Users/kalenitid/.m2/repository/org/assertj/assertj-core/3.26.3/assertj-core-3.26.3.jar:/Users/kalenitid/.m2/repository/net/bytebuddy/byte-buddy/1.15.11/byte-buddy-1.15.11.jar:/Users/kalenitid/.m2/repository/org/awaitility/awaitility/4.2.2/awaitility-4.2.2.jar:/Users/kalenitid/.m2/repository/org/hamcrest/hamcrest/2.2/hamcrest-2.2.jar:/Users/kalenitid/.m2/repository/org/junit/jupiter/junit-jupiter/5.11.4/junit-jupiter-5.11.4.jar:/Users/kalenitid/.m2/repository/org/junit/jupiter/junit-jupiter-api/5.11.4/junit-jupiter-api-5.11.4.jar:/Users/kalenitid/.m2/repository/org/opentest4j/opentest4j/1.3.0/opentest4j-1.3.0.jar:/Users/kalenitid/.m2/repository/org/junit/platform/junit-platform-commons/1.11.4/junit-platform-commons-1.11.4.jar:/Users/kalenitid/.m2/repository/org/apiguardian/apiguardian-api/1.1.2/apiguardian-api-1.1.2.jar:/Users/kalenitid/.m2/repository/org/junit/jupiter/junit-jupiter-params/5.11.4/junit-jupiter-params-5.11.4.jar:/Users/kalenitid/.m2/repository/org/junit/jupiter/junit-jupiter-engine/5.11.4/junit-jupiter-engine-5.11.4.jar:/Users/kalenitid/.m2/repository/org/junit/platform/junit-platform-engine/1.11.4/junit-platform-engine-1.11.4.jar:/Users/kalenitid/.m2/repository/org/mockito/mockito-core/5.14.2/mockito-core-5.14.2.jar:/Users/kalenitid/.m2/repository/net/bytebuddy/byte-buddy-agent/1.15.11/byte-buddy-agent-1.15.11.jar:/Users/kalenitid/.m2/repository/org/objenesis/objenesis/3.3/objenesis-3.3.jar:/Users/kalenitid/.m2/repository/org/mockito/mockito-junit-jupiter/5.14.2/mockito-junit-jupiter-5.14.2.jar:/Users/kalenitid/.m2/repository/org/skyscreamer/jsonassert/1.5.3/jsonassert-1.5.3.jar:/Users/kalenitid/.m2/repository/com/vaadin/external/google/android-json/0.0.20131108.vaadin1/android-json-0.0.20131108.vaadin1.jar:/Users/kalenitid/.m2/repository/org/springframework/spring-core/6.2.3/spring-core-6.2.3.jar:/Users/kalenitid/.m2/repository/org/springframework/spring-jcl/6.2.3/spring-jcl-6.2.3.jar:/Users/kalenitid/.m2/repository/org/springframework/spring-test/6.2.3/spring-test-6.2.3.jar:/Users/kalenitid/.m2/repository/org/xmlunit/xmlunit-core/2.10.0/xmlunit-core-2.10.0.jar:/Users/kalenitid/.m2/repository/org/mybatis/spring/boot/mybatis-spring-boot-starter-test/3.0.4/mybatis-spring-boot-starter-test-3.0.4.jar:/Users/kalenitid/.m2/repository/org/mybatis/spring/boot/mybatis-spring-boot-test-autoconfigure/3.0.4/mybatis-spring-boot-test-autoconfigure-3.0.4.jar:/Users/kalenitid/.m2/repository/com/github/pagehelper/pagehelper-spring-boot-starter/1.4.7/pagehelper-spring-boot-starter-1.4.7.jar:/Users/kalenitid/.m2/repository/com/github/pagehelper/pagehelper-spring-boot-autoconfigure/1.4.7/pagehelper-spring-boot-autoconfigure-1.4.7.jar:/Users/kalenitid/.m2/repository/com/github/pagehelper/pagehelper/5.3.3/pagehelper-5.3.3.jar:/Users/kalenitid/.m2/repository/com/github/jsqlparser/jsqlparser/4.5/jsqlparser-4.5.jar:"/>
    <property name="https.proxyPort" value="7890"/>
    <property name="java.vm.vendor" value="Homebrew"/>
    <property name="sun.arch.data.model" value="64"/>
    <property name="java.vendor.url" value="https://github.com/Homebrew/homebrew-core/issues"/>
    <property name="user.timezone" value="Asia/Shanghai"/>
    <property name="os.name" value="Mac OS X"/>
    <property name="java.vm.specification.version" value="24"/>
    <property name="sun.java.launcher" value="SUN_STANDARD"/>
    <property name="user.country" value="CN"/>
    <property name="sun.boot.library.path" value="/opt/homebrew/Cellar/openjdk/24.0.1/libexec/openjdk.jdk/Contents/Home/lib"/>
    <property name="sun.java.command" value="/Users/kalenitid/TraeProjects/helper/target/surefire/surefirebooter-20250627143410596_3.jar /Users/kalenitid/TraeProjects/helper/target/surefire 2025-06-27T14-34-10_556-jvmRun1 surefire-20250627143410596_1tmp surefire_0-20250627143410596_2tmp"/>
    <property name="http.nonProxyHosts" value="192.168.0.0/16|*.192.168.0.0/16|10.0.0.0/8|*.10.0.0.0/8|172.16.0.0/12|*.172.16.0.0/12|127.0.0.1|localhost|*.localhost|local|*.local|timestamp.apple.com|*.timestamp.apple.com|sequoia.apple.com|*.sequoia.apple.com|seed-sequoia.siri.apple.com|*.seed-sequoia.siri.apple.com|neu.edu.cn|*.neu.edu.cn"/>
    <property name="jdk.debug" value="release"/>
    <property name="surefire.test.class.path" value="/Users/kalenitid/TraeProjects/helper/target/test-classes:/Users/kalenitid/TraeProjects/helper/target/classes:/Users/kalenitid/.m2/repository/org/springframework/boot/spring-boot-starter-web/3.4.3/spring-boot-starter-web-3.4.3.jar:/Users/kalenitid/.m2/repository/org/springframework/boot/spring-boot-starter/3.4.3/spring-boot-starter-3.4.3.jar:/Users/kalenitid/.m2/repository/org/springframework/boot/spring-boot/3.4.3/spring-boot-3.4.3.jar:/Users/kalenitid/.m2/repository/org/springframework/boot/spring-boot-autoconfigure/3.4.3/spring-boot-autoconfigure-3.4.3.jar:/Users/kalenitid/.m2/repository/org/springframework/boot/spring-boot-starter-logging/3.4.3/spring-boot-starter-logging-3.4.3.jar:/Users/kalenitid/.m2/repository/ch/qos/logback/logback-classic/1.5.16/logback-classic-1.5.16.jar:/Users/kalenitid/.m2/repository/ch/qos/logback/logback-core/1.5.16/logback-core-1.5.16.jar:/Users/kalenitid/.m2/repository/org/apache/logging/log4j/log4j-to-slf4j/2.24.3/log4j-to-slf4j-2.24.3.jar:/Users/kalenitid/.m2/repository/org/apache/logging/log4j/log4j-api/2.24.3/log4j-api-2.24.3.jar:/Users/kalenitid/.m2/repository/org/slf4j/jul-to-slf4j/2.0.16/jul-to-slf4j-2.0.16.jar:/Users/kalenitid/.m2/repository/jakarta/annotation/jakarta.annotation-api/2.1.1/jakarta.annotation-api-2.1.1.jar:/Users/kalenitid/.m2/repository/org/yaml/snakeyaml/2.3/snakeyaml-2.3.jar:/Users/kalenitid/.m2/repository/org/springframework/boot/spring-boot-starter-json/3.4.3/spring-boot-starter-json-3.4.3.jar:/Users/kalenitid/.m2/repository/com/fasterxml/jackson/core/jackson-databind/2.18.2/jackson-databind-2.18.2.jar:/Users/kalenitid/.m2/repository/com/fasterxml/jackson/core/jackson-annotations/2.18.2/jackson-annotations-2.18.2.jar:/Users/kalenitid/.m2/repository/com/fasterxml/jackson/core/jackson-core/2.18.2/jackson-core-2.18.2.jar:/Users/kalenitid/.m2/repository/com/fasterxml/jackson/datatype/jackson-datatype-jdk8/2.18.2/jackson-datatype-jdk8-2.18.2.jar:/Users/kalenitid/.m2/repository/com/fasterxml/jackson/datatype/jackson-datatype-jsr310/2.18.2/jackson-datatype-jsr310-2.18.2.jar:/Users/kalenitid/.m2/repository/com/fasterxml/jackson/module/jackson-module-parameter-names/2.18.2/jackson-module-parameter-names-2.18.2.jar:/Users/kalenitid/.m2/repository/org/springframework/boot/spring-boot-starter-tomcat/3.4.3/spring-boot-starter-tomcat-3.4.3.jar:/Users/kalenitid/.m2/repository/org/apache/tomcat/embed/tomcat-embed-core/10.1.36/tomcat-embed-core-10.1.36.jar:/Users/kalenitid/.m2/repository/org/apache/tomcat/embed/tomcat-embed-el/10.1.36/tomcat-embed-el-10.1.36.jar:/Users/kalenitid/.m2/repository/org/apache/tomcat/embed/tomcat-embed-websocket/10.1.36/tomcat-embed-websocket-10.1.36.jar:/Users/kalenitid/.m2/repository/org/springframework/spring-web/6.2.3/spring-web-6.2.3.jar:/Users/kalenitid/.m2/repository/org/springframework/spring-beans/6.2.3/spring-beans-6.2.3.jar:/Users/kalenitid/.m2/repository/io/micrometer/micrometer-observation/1.14.4/micrometer-observation-1.14.4.jar:/Users/kalenitid/.m2/repository/io/micrometer/micrometer-commons/1.14.4/micrometer-commons-1.14.4.jar:/Users/kalenitid/.m2/repository/org/springframework/spring-webmvc/6.2.3/spring-webmvc-6.2.3.jar:/Users/kalenitid/.m2/repository/org/springframework/spring-aop/6.2.3/spring-aop-6.2.3.jar:/Users/kalenitid/.m2/repository/org/springframework/spring-context/6.2.3/spring-context-6.2.3.jar:/Users/kalenitid/.m2/repository/org/springframework/spring-expression/6.2.3/spring-expression-6.2.3.jar:/Users/kalenitid/.m2/repository/org/mybatis/spring/boot/mybatis-spring-boot-starter/3.0.4/mybatis-spring-boot-starter-3.0.4.jar:/Users/kalenitid/.m2/repository/org/springframework/boot/spring-boot-starter-jdbc/3.4.3/spring-boot-starter-jdbc-3.4.3.jar:/Users/kalenitid/.m2/repository/com/zaxxer/HikariCP/5.1.0/HikariCP-5.1.0.jar:/Users/kalenitid/.m2/repository/org/springframework/spring-jdbc/6.2.3/spring-jdbc-6.2.3.jar:/Users/kalenitid/.m2/repository/org/mybatis/spring/boot/mybatis-spring-boot-autoconfigure/3.0.4/mybatis-spring-boot-autoconfigure-3.0.4.jar:/Users/kalenitid/.m2/repository/org/mybatis/mybatis/3.5.17/mybatis-3.5.17.jar:/Users/kalenitid/.m2/repository/org/mybatis/mybatis-spring/3.0.4/mybatis-spring-3.0.4.jar:/Users/kalenitid/.m2/repository/org/springframework/boot/spring-boot-starter-data-redis/3.4.3/spring-boot-starter-data-redis-3.4.3.jar:/Users/kalenitid/.m2/repository/io/lettuce/lettuce-core/6.4.2.RELEASE/lettuce-core-6.4.2.RELEASE.jar:/Users/kalenitid/.m2/repository/io/netty/netty-common/4.1.118.Final/netty-common-4.1.118.Final.jar:/Users/kalenitid/.m2/repository/io/netty/netty-handler/4.1.118.Final/netty-handler-4.1.118.Final.jar:/Users/kalenitid/.m2/repository/io/netty/netty-resolver/4.1.118.Final/netty-resolver-4.1.118.Final.jar:/Users/kalenitid/.m2/repository/io/netty/netty-buffer/4.1.118.Final/netty-buffer-4.1.118.Final.jar:/Users/kalenitid/.m2/repository/io/netty/netty-transport-native-unix-common/4.1.118.Final/netty-transport-native-unix-common-4.1.118.Final.jar:/Users/kalenitid/.m2/repository/io/netty/netty-codec/4.1.118.Final/netty-codec-4.1.118.Final.jar:/Users/kalenitid/.m2/repository/io/netty/netty-transport/4.1.118.Final/netty-transport-4.1.118.Final.jar:/Users/kalenitid/.m2/repository/io/projectreactor/reactor-core/3.7.3/reactor-core-3.7.3.jar:/Users/kalenitid/.m2/repository/org/reactivestreams/reactive-streams/1.0.4/reactive-streams-1.0.4.jar:/Users/kalenitid/.m2/repository/org/springframework/data/spring-data-redis/3.4.3/spring-data-redis-3.4.3.jar:/Users/kalenitid/.m2/repository/org/springframework/data/spring-data-keyvalue/3.4.3/spring-data-keyvalue-3.4.3.jar:/Users/kalenitid/.m2/repository/org/springframework/data/spring-data-commons/3.4.3/spring-data-commons-3.4.3.jar:/Users/kalenitid/.m2/repository/org/springframework/spring-tx/6.2.3/spring-tx-6.2.3.jar:/Users/kalenitid/.m2/repository/org/springframework/spring-oxm/6.2.3/spring-oxm-6.2.3.jar:/Users/kalenitid/.m2/repository/org/springframework/spring-context-support/6.2.3/spring-context-support-6.2.3.jar:/Users/kalenitid/.m2/repository/org/slf4j/slf4j-api/2.0.16/slf4j-api-2.0.16.jar:/Users/kalenitid/.m2/repository/cn/hutool/hutool-all/5.7.17/hutool-all-5.7.17.jar:/Users/kalenitid/.m2/repository/org/apache/commons/commons-pool2/2.12.1/commons-pool2-2.12.1.jar:/Users/kalenitid/.m2/repository/com/mysql/mysql-connector-j/9.1.0/mysql-connector-j-9.1.0.jar:/Users/kalenitid/.m2/repository/org/projectlombok/lombok/1.18.26/lombok-1.18.26.jar:/Users/kalenitid/.m2/repository/org/springframework/boot/spring-boot-starter-test/3.4.3/spring-boot-starter-test-3.4.3.jar:/Users/kalenitid/.m2/repository/org/springframework/boot/spring-boot-test/3.4.3/spring-boot-test-3.4.3.jar:/Users/kalenitid/.m2/repository/org/springframework/boot/spring-boot-test-autoconfigure/3.4.3/spring-boot-test-autoconfigure-3.4.3.jar:/Users/kalenitid/.m2/repository/com/jayway/jsonpath/json-path/2.9.0/json-path-2.9.0.jar:/Users/kalenitid/.m2/repository/jakarta/xml/bind/jakarta.xml.bind-api/4.0.2/jakarta.xml.bind-api-4.0.2.jar:/Users/kalenitid/.m2/repository/jakarta/activation/jakarta.activation-api/2.1.3/jakarta.activation-api-2.1.3.jar:/Users/kalenitid/.m2/repository/net/minidev/json-smart/2.5.2/json-smart-2.5.2.jar:/Users/kalenitid/.m2/repository/net/minidev/accessors-smart/2.5.2/accessors-smart-2.5.2.jar:/Users/kalenitid/.m2/repository/org/ow2/asm/asm/9.7.1/asm-9.7.1.jar:/Users/kalenitid/.m2/repository/org/assertj/assertj-core/3.26.3/assertj-core-3.26.3.jar:/Users/kalenitid/.m2/repository/net/bytebuddy/byte-buddy/1.15.11/byte-buddy-1.15.11.jar:/Users/kalenitid/.m2/repository/org/awaitility/awaitility/4.2.2/awaitility-4.2.2.jar:/Users/kalenitid/.m2/repository/org/hamcrest/hamcrest/2.2/hamcrest-2.2.jar:/Users/kalenitid/.m2/repository/org/junit/jupiter/junit-jupiter/5.11.4/junit-jupiter-5.11.4.jar:/Users/kalenitid/.m2/repository/org/junit/jupiter/junit-jupiter-api/5.11.4/junit-jupiter-api-5.11.4.jar:/Users/kalenitid/.m2/repository/org/opentest4j/opentest4j/1.3.0/opentest4j-1.3.0.jar:/Users/kalenitid/.m2/repository/org/junit/platform/junit-platform-commons/1.11.4/junit-platform-commons-1.11.4.jar:/Users/kalenitid/.m2/repository/org/apiguardian/apiguardian-api/1.1.2/apiguardian-api-1.1.2.jar:/Users/kalenitid/.m2/repository/org/junit/jupiter/junit-jupiter-params/5.11.4/junit-jupiter-params-5.11.4.jar:/Users/kalenitid/.m2/repository/org/junit/jupiter/junit-jupiter-engine/5.11.4/junit-jupiter-engine-5.11.4.jar:/Users/kalenitid/.m2/repository/org/junit/platform/junit-platform-engine/1.11.4/junit-platform-engine-1.11.4.jar:/Users/kalenitid/.m2/repository/org/mockito/mockito-core/5.14.2/mockito-core-5.14.2.jar:/Users/kalenitid/.m2/repository/net/bytebuddy/byte-buddy-agent/1.15.11/byte-buddy-agent-1.15.11.jar:/Users/kalenitid/.m2/repository/org/objenesis/objenesis/3.3/objenesis-3.3.jar:/Users/kalenitid/.m2/repository/org/mockito/mockito-junit-jupiter/5.14.2/mockito-junit-jupiter-5.14.2.jar:/Users/kalenitid/.m2/repository/org/skyscreamer/jsonassert/1.5.3/jsonassert-1.5.3.jar:/Users/kalenitid/.m2/repository/com/vaadin/external/google/android-json/0.0.20131108.vaadin1/android-json-0.0.20131108.vaadin1.jar:/Users/kalenitid/.m2/repository/org/springframework/spring-core/6.2.3/spring-core-6.2.3.jar:/Users/kalenitid/.m2/repository/org/springframework/spring-jcl/6.2.3/spring-jcl-6.2.3.jar:/Users/kalenitid/.m2/repository/org/springframework/spring-test/6.2.3/spring-test-6.2.3.jar:/Users/kalenitid/.m2/repository/org/xmlunit/xmlunit-core/2.10.0/xmlunit-core-2.10.0.jar:/Users/kalenitid/.m2/repository/org/mybatis/spring/boot/mybatis-spring-boot-starter-test/3.0.4/mybatis-spring-boot-starter-test-3.0.4.jar:/Users/kalenitid/.m2/repository/org/mybatis/spring/boot/mybatis-spring-boot-test-autoconfigure/3.0.4/mybatis-spring-boot-test-autoconfigure-3.0.4.jar:/Users/kalenitid/.m2/repository/com/github/pagehelper/pagehelper-spring-boot-starter/1.4.7/pagehelper-spring-boot-starter-1.4.7.jar:/Users/kalenitid/.m2/repository/com/github/pagehelper/pagehelper-spring-boot-autoconfigure/1.4.7/pagehelper-spring-boot-autoconfigure-1.4.7.jar:/Users/kalenitid/.m2/repository/com/github/pagehelper/pagehelper/5.3.3/pagehelper-5.3.3.jar:/Users/kalenitid/.m2/repository/com/github/jsqlparser/jsqlparser/4.5/jsqlparser-4.5.jar:"/>
    <property name="sun.cpu.endian" value="little"/>
    <property name="user.home" value="/Users/kalenitid"/>
    <property name="user.language" value="en"/>
    <property name="java.specification.vendor" value="Oracle Corporation"/>
    <property name="java.version.date" value="2025-04-15"/>
    <property name="java.home" value="/opt/homebrew/Cellar/openjdk/24.0.1/libexec/openjdk.jdk/Contents/Home"/>
    <property name="file.separator" value="/"/>
    <property name="https.proxyHost" value="127.0.0.1"/>
    <property name="basedir" value="/Users/kalenitid/TraeProjects/helper"/>
    <property name="java.vm.compressedOopsMode" value="Zero based"/>
    <property name="line.separator" value="&#10;"/>
    <property name="java.vm.specification.vendor" value="Oracle Corporation"/>
    <property name="java.specification.name" value="Java Platform API Specification"/>
    <property name="apple.awt.application.name" value="ForkedBooter"/>
    <property name="surefire.real.class.path" value="/Users/kalenitid/TraeProjects/helper/target/surefire/surefirebooter-20250627143410596_3.jar"/>
    <property name="sun.management.compiler" value="HotSpot 64-Bit Tiered Compilers"/>
    <property name="ftp.nonProxyHosts" value="192.168.0.0/16|*.192.168.0.0/16|10.0.0.0/8|*.10.0.0.0/8|172.16.0.0/12|*.172.16.0.0/12|127.0.0.1|localhost|*.localhost|local|*.local|timestamp.apple.com|*.timestamp.apple.com|sequoia.apple.com|*.sequoia.apple.com|seed-sequoia.siri.apple.com|*.seed-sequoia.siri.apple.com|neu.edu.cn|*.neu.edu.cn"/>
    <property name="java.runtime.version" value="24.0.1"/>
    <property name="user.name" value="kalenitid"/>
    <property name="stdout.encoding" value="UTF-8"/>
    <property name="path.separator" value=":"/>
    <property name="os.version" value="15.5"/>
    <property name="java.runtime.name" value="OpenJDK Runtime Environment"/>
    <property name="file.encoding" value="UTF-8"/>
    <property name="java.vm.name" value="OpenJDK 64-Bit Server VM"/>
    <property name="java.vendor.version" value="Homebrew"/>
    <property name="localRepository" value="/Users/kalenitid/.m2/repository"/>
    <property name="java.vendor.url.bug" value="https://github.com/Homebrew/homebrew-core/issues"/>
    <property name="java.io.tmpdir" value="/var/folders/md/m6p13tkj60b6nqm5m_262t300000gn/T/"/>
    <property name="java.version" value="24.0.1"/>
    <property name="user.dir" value="/Users/kalenitid/TraeProjects/helper"/>
    <property name="os.arch" value="aarch64"/>
    <property name="socksProxyPort" value="7890"/>
    <property name="java.vm.specification.name" value="Java Virtual Machine Specification"/>
    <property name="native.encoding" value="UTF-8"/>
    <property name="java.library.path" value="/Users/kalenitid/Library/Java/Extensions:/Library/Java/Extensions:/Network/Library/Java/Extensions:/System/Library/Java/Extensions:/usr/lib/java:."/>
    <property name="java.vm.info" value="mixed mode, sharing"/>
    <property name="stderr.encoding" value="UTF-8"/>
    <property name="java.vendor" value="Homebrew"/>
    <property name="java.vm.version" value="24.0.1"/>
    <property name="sun.io.unicode.encoding" value="UnicodeBig"/>
    <property name="socksNonProxyHosts" value="192.168.0.0/16|*.192.168.0.0/16|10.0.0.0/8|*.10.0.0.0/8|172.16.0.0/12|*.172.16.0.0/12|127.0.0.1|localhost|*.localhost|local|*.local|timestamp.apple.com|*.timestamp.apple.com|sequoia.apple.com|*.sequoia.apple.com|seed-sequoia.siri.apple.com|*.seed-sequoia.siri.apple.com|neu.edu.cn|*.neu.edu.cn"/>
    <property name="java.class.version" value="68.0"/>
    <property name="http.proxyPort" value="7890"/>
  </properties>
  <testcase name="testPageEmptyResult" classname="org.example.LifeRecordServiceImplTest" time="0.014"/>
  <testcase name="testGetByIdNotFound" classname="org.example.LifeRecordServiceImplTest" time="0.002"/>
  <testcase name="testAdd" classname="org.example.LifeRecordServiceImplTest" time="0.002"/>
  <testcase name="testUpdateWithNullLifeRecord" classname="org.example.LifeRecordServiceImplTest" time="0.001"/>
  <testcase name="testPage" classname="org.example.LifeRecordServiceImplTest" time="0.001"/>
  <testcase name="testGetById" classname="org.example.LifeRecordServiceImplTest" time="0.0"/>
  <testcase name="testGetByIdWithNullId" classname="org.example.LifeRecordServiceImplTest" time="0.001"/>
  <testcase name="testDeleteByIdWithNullId" classname="org.example.LifeRecordServiceImplTest" time="0.001"/>
  <testcase name="testPageWithNullTitle" classname="org.example.LifeRecordServiceImplTest" time="0.001"/>
  <testcase name="testDeleteById" classname="org.example.LifeRecordServiceImplTest" time="0.001"/>
  <testcase name="testAddWithNullLifeRecord" classname="org.example.LifeRecordServiceImplTest" time="0.001"/>
  <testcase name="testUpdate" classname="org.example.LifeRecordServiceImplTest" time="0.001"/>
</testsuite>