<?xml version="1.0" encoding="UTF-8"?>
<testsuite xmlns:xsi="http://www.w3.org/2001/XMLSchema-instance" xsi:noNamespaceSchemaLocation="https://maven.apache.org/surefire/maven-surefire-plugin/xsd/surefire-test-report.xsd" version="3.0.2" name="org.example.HealthInfoServiceImplTest" time="0.21" tests="25" errors="4" skipped="0" failures="4">
  <properties>
    <property name="java.specification.version" value="17"/>
    <property name="sun.cpu.isalist" value="amd64"/>
    <property name="sun.jnu.encoding" value="GBK"/>
    <property name="java.class.path" value="E:\helper\target\test-classes;E:\helper\target\classes;F:\learning\JavaWeb\develop\apache-maven-3.9.4\mvn_repo\org\springframework\boot\spring-boot-starter-web\3.4.3\spring-boot-starter-web-3.4.3.jar;F:\learning\JavaWeb\develop\apache-maven-3.9.4\mvn_repo\org\springframework\boot\spring-boot-starter\3.4.3\spring-boot-starter-3.4.3.jar;F:\learning\JavaWeb\develop\apache-maven-3.9.4\mvn_repo\org\springframework\boot\spring-boot\3.4.3\spring-boot-3.4.3.jar;F:\learning\JavaWeb\develop\apache-maven-3.9.4\mvn_repo\org\springframework\boot\spring-boot-autoconfigure\3.4.3\spring-boot-autoconfigure-3.4.3.jar;F:\learning\JavaWeb\develop\apache-maven-3.9.4\mvn_repo\org\springframework\boot\spring-boot-starter-logging\3.4.3\spring-boot-starter-logging-3.4.3.jar;F:\learning\JavaWeb\develop\apache-maven-3.9.4\mvn_repo\ch\qos\logback\logback-classic\1.5.16\logback-classic-1.5.16.jar;F:\learning\JavaWeb\develop\apache-maven-3.9.4\mvn_repo\ch\qos\logback\logback-core\1.5.16\logback-core-1.5.16.jar;F:\learning\JavaWeb\develop\apache-maven-3.9.4\mvn_repo\org\apache\logging\log4j\log4j-to-slf4j\2.24.3\log4j-to-slf4j-2.24.3.jar;F:\learning\JavaWeb\develop\apache-maven-3.9.4\mvn_repo\org\apache\logging\log4j\log4j-api\2.24.3\log4j-api-2.24.3.jar;F:\learning\JavaWeb\develop\apache-maven-3.9.4\mvn_repo\org\slf4j\jul-to-slf4j\2.0.16\jul-to-slf4j-2.0.16.jar;F:\learning\JavaWeb\develop\apache-maven-3.9.4\mvn_repo\jakarta\annotation\jakarta.annotation-api\2.1.1\jakarta.annotation-api-2.1.1.jar;F:\learning\JavaWeb\develop\apache-maven-3.9.4\mvn_repo\org\yaml\snakeyaml\2.3\snakeyaml-2.3.jar;F:\learning\JavaWeb\develop\apache-maven-3.9.4\mvn_repo\org\springframework\boot\spring-boot-starter-json\3.4.3\spring-boot-starter-json-3.4.3.jar;F:\learning\JavaWeb\develop\apache-maven-3.9.4\mvn_repo\com\fasterxml\jackson\core\jackson-databind\2.18.2\jackson-databind-2.18.2.jar;F:\learning\JavaWeb\develop\apache-maven-3.9.4\mvn_repo\com\fasterxml\jackson\core\jackson-annotations\2.18.2\jackson-annotations-2.18.2.jar;F:\learning\JavaWeb\develop\apache-maven-3.9.4\mvn_repo\com\fasterxml\jackson\core\jackson-core\2.18.2\jackson-core-2.18.2.jar;F:\learning\JavaWeb\develop\apache-maven-3.9.4\mvn_repo\com\fasterxml\jackson\datatype\jackson-datatype-jdk8\2.18.2\jackson-datatype-jdk8-2.18.2.jar;F:\learning\JavaWeb\develop\apache-maven-3.9.4\mvn_repo\com\fasterxml\jackson\datatype\jackson-datatype-jsr310\2.18.2\jackson-datatype-jsr310-2.18.2.jar;F:\learning\JavaWeb\develop\apache-maven-3.9.4\mvn_repo\com\fasterxml\jackson\module\jackson-module-parameter-names\2.18.2\jackson-module-parameter-names-2.18.2.jar;F:\learning\JavaWeb\develop\apache-maven-3.9.4\mvn_repo\org\springframework\boot\spring-boot-starter-tomcat\3.4.3\spring-boot-starter-tomcat-3.4.3.jar;F:\learning\JavaWeb\develop\apache-maven-3.9.4\mvn_repo\org\apache\tomcat\embed\tomcat-embed-core\10.1.36\tomcat-embed-core-10.1.36.jar;F:\learning\JavaWeb\develop\apache-maven-3.9.4\mvn_repo\org\apache\tomcat\embed\tomcat-embed-el\10.1.36\tomcat-embed-el-10.1.36.jar;F:\learning\JavaWeb\develop\apache-maven-3.9.4\mvn_repo\org\apache\tomcat\embed\tomcat-embed-websocket\10.1.36\tomcat-embed-websocket-10.1.36.jar;F:\learning\JavaWeb\develop\apache-maven-3.9.4\mvn_repo\org\springframework\spring-web\6.2.3\spring-web-6.2.3.jar;F:\learning\JavaWeb\develop\apache-maven-3.9.4\mvn_repo\org\springframework\spring-beans\6.2.3\spring-beans-6.2.3.jar;F:\learning\JavaWeb\develop\apache-maven-3.9.4\mvn_repo\io\micrometer\micrometer-observation\1.14.4\micrometer-observation-1.14.4.jar;F:\learning\JavaWeb\develop\apache-maven-3.9.4\mvn_repo\io\micrometer\micrometer-commons\1.14.4\micrometer-commons-1.14.4.jar;F:\learning\JavaWeb\develop\apache-maven-3.9.4\mvn_repo\org\springframework\spring-webmvc\6.2.3\spring-webmvc-6.2.3.jar;F:\learning\JavaWeb\develop\apache-maven-3.9.4\mvn_repo\org\springframework\spring-aop\6.2.3\spring-aop-6.2.3.jar;F:\learning\JavaWeb\develop\apache-maven-3.9.4\mvn_repo\org\springframework\spring-context\6.2.3\spring-context-6.2.3.jar;F:\learning\JavaWeb\develop\apache-maven-3.9.4\mvn_repo\org\springframework\spring-expression\6.2.3\spring-expression-6.2.3.jar;F:\learning\JavaWeb\develop\apache-maven-3.9.4\mvn_repo\org\mybatis\spring\boot\mybatis-spring-boot-starter\3.0.4\mybatis-spring-boot-starter-3.0.4.jar;F:\learning\JavaWeb\develop\apache-maven-3.9.4\mvn_repo\org\springframework\boot\spring-boot-starter-jdbc\3.4.3\spring-boot-starter-jdbc-3.4.3.jar;F:\learning\JavaWeb\develop\apache-maven-3.9.4\mvn_repo\com\zaxxer\HikariCP\5.1.0\HikariCP-5.1.0.jar;F:\learning\JavaWeb\develop\apache-maven-3.9.4\mvn_repo\org\springframework\spring-jdbc\6.2.3\spring-jdbc-6.2.3.jar;F:\learning\JavaWeb\develop\apache-maven-3.9.4\mvn_repo\org\mybatis\spring\boot\mybatis-spring-boot-autoconfigure\3.0.4\mybatis-spring-boot-autoconfigure-3.0.4.jar;F:\learning\JavaWeb\develop\apache-maven-3.9.4\mvn_repo\org\mybatis\mybatis\3.5.17\mybatis-3.5.17.jar;F:\learning\JavaWeb\develop\apache-maven-3.9.4\mvn_repo\org\mybatis\mybatis-spring\3.0.4\mybatis-spring-3.0.4.jar;F:\learning\JavaWeb\develop\apache-maven-3.9.4\mvn_repo\org\springframework\boot\spring-boot-starter-data-redis\3.4.3\spring-boot-starter-data-redis-3.4.3.jar;F:\learning\JavaWeb\develop\apache-maven-3.9.4\mvn_repo\io\lettuce\lettuce-core\6.4.2.RELEASE\lettuce-core-6.4.2.RELEASE.jar;F:\learning\JavaWeb\develop\apache-maven-3.9.4\mvn_repo\io\netty\netty-common\4.1.118.Final\netty-common-4.1.118.Final.jar;F:\learning\JavaWeb\develop\apache-maven-3.9.4\mvn_repo\io\netty\netty-handler\4.1.118.Final\netty-handler-4.1.118.Final.jar;F:\learning\JavaWeb\develop\apache-maven-3.9.4\mvn_repo\io\netty\netty-resolver\4.1.118.Final\netty-resolver-4.1.118.Final.jar;F:\learning\JavaWeb\develop\apache-maven-3.9.4\mvn_repo\io\netty\netty-buffer\4.1.118.Final\netty-buffer-4.1.118.Final.jar;F:\learning\JavaWeb\develop\apache-maven-3.9.4\mvn_repo\io\netty\netty-transport-native-unix-common\4.1.118.Final\netty-transport-native-unix-common-4.1.118.Final.jar;F:\learning\JavaWeb\develop\apache-maven-3.9.4\mvn_repo\io\netty\netty-codec\4.1.118.Final\netty-codec-4.1.118.Final.jar;F:\learning\JavaWeb\develop\apache-maven-3.9.4\mvn_repo\io\netty\netty-transport\4.1.118.Final\netty-transport-4.1.118.Final.jar;F:\learning\JavaWeb\develop\apache-maven-3.9.4\mvn_repo\io\projectreactor\reactor-core\3.7.3\reactor-core-3.7.3.jar;F:\learning\JavaWeb\develop\apache-maven-3.9.4\mvn_repo\org\reactivestreams\reactive-streams\1.0.4\reactive-streams-1.0.4.jar;F:\learning\JavaWeb\develop\apache-maven-3.9.4\mvn_repo\org\springframework\data\spring-data-redis\3.4.3\spring-data-redis-3.4.3.jar;F:\learning\JavaWeb\develop\apache-maven-3.9.4\mvn_repo\org\springframework\data\spring-data-keyvalue\3.4.3\spring-data-keyvalue-3.4.3.jar;F:\learning\JavaWeb\develop\apache-maven-3.9.4\mvn_repo\org\springframework\data\spring-data-commons\3.4.3\spring-data-commons-3.4.3.jar;F:\learning\JavaWeb\develop\apache-maven-3.9.4\mvn_repo\org\springframework\spring-tx\6.2.3\spring-tx-6.2.3.jar;F:\learning\JavaWeb\develop\apache-maven-3.9.4\mvn_repo\org\springframework\spring-oxm\6.2.3\spring-oxm-6.2.3.jar;F:\learning\JavaWeb\develop\apache-maven-3.9.4\mvn_repo\org\springframework\spring-context-support\6.2.3\spring-context-support-6.2.3.jar;F:\learning\JavaWeb\develop\apache-maven-3.9.4\mvn_repo\org\slf4j\slf4j-api\2.0.16\slf4j-api-2.0.16.jar;F:\learning\JavaWeb\develop\apache-maven-3.9.4\mvn_repo\cn\hutool\hutool-all\5.7.17\hutool-all-5.7.17.jar;F:\learning\JavaWeb\develop\apache-maven-3.9.4\mvn_repo\org\apache\commons\commons-pool2\2.12.1\commons-pool2-2.12.1.jar;F:\learning\JavaWeb\develop\apache-maven-3.9.4\mvn_repo\com\mysql\mysql-connector-j\9.1.0\mysql-connector-j-9.1.0.jar;F:\learning\JavaWeb\develop\apache-maven-3.9.4\mvn_repo\org\projectlombok\lombok\1.18.26\lombok-1.18.26.jar;F:\learning\JavaWeb\develop\apache-maven-3.9.4\mvn_repo\org\springframework\boot\spring-boot-starter-test\3.4.3\spring-boot-starter-test-3.4.3.jar;F:\learning\JavaWeb\develop\apache-maven-3.9.4\mvn_repo\org\springframework\boot\spring-boot-test\3.4.3\spring-boot-test-3.4.3.jar;F:\learning\JavaWeb\develop\apache-maven-3.9.4\mvn_repo\org\springframework\boot\spring-boot-test-autoconfigure\3.4.3\spring-boot-test-autoconfigure-3.4.3.jar;F:\learning\JavaWeb\develop\apache-maven-3.9.4\mvn_repo\com\jayway\jsonpath\json-path\2.9.0\json-path-2.9.0.jar;F:\learning\JavaWeb\develop\apache-maven-3.9.4\mvn_repo\jakarta\xml\bind\jakarta.xml.bind-api\4.0.2\jakarta.xml.bind-api-4.0.2.jar;F:\learning\JavaWeb\develop\apache-maven-3.9.4\mvn_repo\jakarta\activation\jakarta.activation-api\2.1.3\jakarta.activation-api-2.1.3.jar;F:\learning\JavaWeb\develop\apache-maven-3.9.4\mvn_repo\net\minidev\json-smart\2.5.2\json-smart-2.5.2.jar;F:\learning\JavaWeb\develop\apache-maven-3.9.4\mvn_repo\net\minidev\accessors-smart\2.5.2\accessors-smart-2.5.2.jar;F:\learning\JavaWeb\develop\apache-maven-3.9.4\mvn_repo\org\ow2\asm\asm\9.7.1\asm-9.7.1.jar;F:\learning\JavaWeb\develop\apache-maven-3.9.4\mvn_repo\org\assertj\assertj-core\3.26.3\assertj-core-3.26.3.jar;F:\learning\JavaWeb\develop\apache-maven-3.9.4\mvn_repo\net\bytebuddy\byte-buddy\1.15.11\byte-buddy-1.15.11.jar;F:\learning\JavaWeb\develop\apache-maven-3.9.4\mvn_repo\org\awaitility\awaitility\4.2.2\awaitility-4.2.2.jar;F:\learning\JavaWeb\develop\apache-maven-3.9.4\mvn_repo\org\hamcrest\hamcrest\2.2\hamcrest-2.2.jar;F:\learning\JavaWeb\develop\apache-maven-3.9.4\mvn_repo\org\junit\jupiter\junit-jupiter\5.11.4\junit-jupiter-5.11.4.jar;F:\learning\JavaWeb\develop\apache-maven-3.9.4\mvn_repo\org\junit\jupiter\junit-jupiter-api\5.11.4\junit-jupiter-api-5.11.4.jar;F:\learning\JavaWeb\develop\apache-maven-3.9.4\mvn_repo\org\opentest4j\opentest4j\1.3.0\opentest4j-1.3.0.jar;F:\learning\JavaWeb\develop\apache-maven-3.9.4\mvn_repo\org\junit\platform\junit-platform-commons\1.11.4\junit-platform-commons-1.11.4.jar;F:\learning\JavaWeb\develop\apache-maven-3.9.4\mvn_repo\org\apiguardian\apiguardian-api\1.1.2\apiguardian-api-1.1.2.jar;F:\learning\JavaWeb\develop\apache-maven-3.9.4\mvn_repo\org\junit\jupiter\junit-jupiter-params\5.11.4\junit-jupiter-params-5.11.4.jar;F:\learning\JavaWeb\develop\apache-maven-3.9.4\mvn_repo\org\junit\jupiter\junit-jupiter-engine\5.11.4\junit-jupiter-engine-5.11.4.jar;F:\learning\JavaWeb\develop\apache-maven-3.9.4\mvn_repo\org\junit\platform\junit-platform-engine\1.11.4\junit-platform-engine-1.11.4.jar;F:\learning\JavaWeb\develop\apache-maven-3.9.4\mvn_repo\org\mockito\mockito-core\5.14.2\mockito-core-5.14.2.jar;F:\learning\JavaWeb\develop\apache-maven-3.9.4\mvn_repo\net\bytebuddy\byte-buddy-agent\1.15.11\byte-buddy-agent-1.15.11.jar;F:\learning\JavaWeb\develop\apache-maven-3.9.4\mvn_repo\org\objenesis\objenesis\3.3\objenesis-3.3.jar;F:\learning\JavaWeb\develop\apache-maven-3.9.4\mvn_repo\org\mockito\mockito-junit-jupiter\5.14.2\mockito-junit-jupiter-5.14.2.jar;F:\learning\JavaWeb\develop\apache-maven-3.9.4\mvn_repo\org\skyscreamer\jsonassert\1.5.3\jsonassert-1.5.3.jar;F:\learning\JavaWeb\develop\apache-maven-3.9.4\mvn_repo\com\vaadin\external\google\android-json\0.0.20131108.vaadin1\android-json-0.0.20131108.vaadin1.jar;F:\learning\JavaWeb\develop\apache-maven-3.9.4\mvn_repo\org\springframework\spring-core\6.2.3\spring-core-6.2.3.jar;F:\learning\JavaWeb\develop\apache-maven-3.9.4\mvn_repo\org\springframework\spring-jcl\6.2.3\spring-jcl-6.2.3.jar;F:\learning\JavaWeb\develop\apache-maven-3.9.4\mvn_repo\org\springframework\spring-test\6.2.3\spring-test-6.2.3.jar;F:\learning\JavaWeb\develop\apache-maven-3.9.4\mvn_repo\org\xmlunit\xmlunit-core\2.10.0\xmlunit-core-2.10.0.jar;F:\learning\JavaWeb\develop\apache-maven-3.9.4\mvn_repo\org\mybatis\spring\boot\mybatis-spring-boot-starter-test\3.0.4\mybatis-spring-boot-starter-test-3.0.4.jar;F:\learning\JavaWeb\develop\apache-maven-3.9.4\mvn_repo\org\mybatis\spring\boot\mybatis-spring-boot-test-autoconfigure\3.0.4\mybatis-spring-boot-test-autoconfigure-3.0.4.jar;F:\learning\JavaWeb\develop\apache-maven-3.9.4\mvn_repo\com\github\pagehelper\pagehelper-spring-boot-starter\1.4.7\pagehelper-spring-boot-starter-1.4.7.jar;F:\learning\JavaWeb\develop\apache-maven-3.9.4\mvn_repo\com\github\pagehelper\pagehelper-spring-boot-autoconfigure\1.4.7\pagehelper-spring-boot-autoconfigure-1.4.7.jar;F:\learning\JavaWeb\develop\apache-maven-3.9.4\mvn_repo\com\github\pagehelper\pagehelper\5.3.3\pagehelper-5.3.3.jar;F:\learning\JavaWeb\develop\apache-maven-3.9.4\mvn_repo\com\github\jsqlparser\jsqlparser\4.5\jsqlparser-4.5.jar;"/>
    <property name="java.vm.vendor" value="Microsoft"/>
    <property name="sun.arch.data.model" value="64"/>
    <property name="user.variant" value=""/>
    <property name="java.vendor.url" value="https://www.microsoft.com"/>
    <property name="user.timezone" value="Asia/Shanghai"/>
    <property name="os.name" value="Windows 11"/>
    <property name="java.vm.specification.version" value="17"/>
    <property name="APPLICATION_NAME" value="helper"/>
    <property name="sun.java.launcher" value="SUN_STANDARD"/>
    <property name="user.country" value="CN"/>
    <property name="sun.boot.library.path" value="C:\Program Files\Microsoft\jdk-17.0.9.8-hotspot\bin"/>
    <property name="sun.java.command" value="C:\Users\86138\AppData\Local\Temp\surefire7750392551331887066\surefirebooter-20250620170103942_3.jar C:\Users\86138\AppData\Local\Temp\surefire7750392551331887066 2025-06-20T17-01-03_683-jvmRun1 surefire-20250620170103942_1tmp surefire_0-20250620170103942_2tmp"/>
    <property name="jdk.debug" value="release"/>
    <property name="surefire.test.class.path" value="E:\helper\target\test-classes;E:\helper\target\classes;F:\learning\JavaWeb\develop\apache-maven-3.9.4\mvn_repo\org\springframework\boot\spring-boot-starter-web\3.4.3\spring-boot-starter-web-3.4.3.jar;F:\learning\JavaWeb\develop\apache-maven-3.9.4\mvn_repo\org\springframework\boot\spring-boot-starter\3.4.3\spring-boot-starter-3.4.3.jar;F:\learning\JavaWeb\develop\apache-maven-3.9.4\mvn_repo\org\springframework\boot\spring-boot\3.4.3\spring-boot-3.4.3.jar;F:\learning\JavaWeb\develop\apache-maven-3.9.4\mvn_repo\org\springframework\boot\spring-boot-autoconfigure\3.4.3\spring-boot-autoconfigure-3.4.3.jar;F:\learning\JavaWeb\develop\apache-maven-3.9.4\mvn_repo\org\springframework\boot\spring-boot-starter-logging\3.4.3\spring-boot-starter-logging-3.4.3.jar;F:\learning\JavaWeb\develop\apache-maven-3.9.4\mvn_repo\ch\qos\logback\logback-classic\1.5.16\logback-classic-1.5.16.jar;F:\learning\JavaWeb\develop\apache-maven-3.9.4\mvn_repo\ch\qos\logback\logback-core\1.5.16\logback-core-1.5.16.jar;F:\learning\JavaWeb\develop\apache-maven-3.9.4\mvn_repo\org\apache\logging\log4j\log4j-to-slf4j\2.24.3\log4j-to-slf4j-2.24.3.jar;F:\learning\JavaWeb\develop\apache-maven-3.9.4\mvn_repo\org\apache\logging\log4j\log4j-api\2.24.3\log4j-api-2.24.3.jar;F:\learning\JavaWeb\develop\apache-maven-3.9.4\mvn_repo\org\slf4j\jul-to-slf4j\2.0.16\jul-to-slf4j-2.0.16.jar;F:\learning\JavaWeb\develop\apache-maven-3.9.4\mvn_repo\jakarta\annotation\jakarta.annotation-api\2.1.1\jakarta.annotation-api-2.1.1.jar;F:\learning\JavaWeb\develop\apache-maven-3.9.4\mvn_repo\org\yaml\snakeyaml\2.3\snakeyaml-2.3.jar;F:\learning\JavaWeb\develop\apache-maven-3.9.4\mvn_repo\org\springframework\boot\spring-boot-starter-json\3.4.3\spring-boot-starter-json-3.4.3.jar;F:\learning\JavaWeb\develop\apache-maven-3.9.4\mvn_repo\com\fasterxml\jackson\core\jackson-databind\2.18.2\jackson-databind-2.18.2.jar;F:\learning\JavaWeb\develop\apache-maven-3.9.4\mvn_repo\com\fasterxml\jackson\core\jackson-annotations\2.18.2\jackson-annotations-2.18.2.jar;F:\learning\JavaWeb\develop\apache-maven-3.9.4\mvn_repo\com\fasterxml\jackson\core\jackson-core\2.18.2\jackson-core-2.18.2.jar;F:\learning\JavaWeb\develop\apache-maven-3.9.4\mvn_repo\com\fasterxml\jackson\datatype\jackson-datatype-jdk8\2.18.2\jackson-datatype-jdk8-2.18.2.jar;F:\learning\JavaWeb\develop\apache-maven-3.9.4\mvn_repo\com\fasterxml\jackson\datatype\jackson-datatype-jsr310\2.18.2\jackson-datatype-jsr310-2.18.2.jar;F:\learning\JavaWeb\develop\apache-maven-3.9.4\mvn_repo\com\fasterxml\jackson\module\jackson-module-parameter-names\2.18.2\jackson-module-parameter-names-2.18.2.jar;F:\learning\JavaWeb\develop\apache-maven-3.9.4\mvn_repo\org\springframework\boot\spring-boot-starter-tomcat\3.4.3\spring-boot-starter-tomcat-3.4.3.jar;F:\learning\JavaWeb\develop\apache-maven-3.9.4\mvn_repo\org\apache\tomcat\embed\tomcat-embed-core\10.1.36\tomcat-embed-core-10.1.36.jar;F:\learning\JavaWeb\develop\apache-maven-3.9.4\mvn_repo\org\apache\tomcat\embed\tomcat-embed-el\10.1.36\tomcat-embed-el-10.1.36.jar;F:\learning\JavaWeb\develop\apache-maven-3.9.4\mvn_repo\org\apache\tomcat\embed\tomcat-embed-websocket\10.1.36\tomcat-embed-websocket-10.1.36.jar;F:\learning\JavaWeb\develop\apache-maven-3.9.4\mvn_repo\org\springframework\spring-web\6.2.3\spring-web-6.2.3.jar;F:\learning\JavaWeb\develop\apache-maven-3.9.4\mvn_repo\org\springframework\spring-beans\6.2.3\spring-beans-6.2.3.jar;F:\learning\JavaWeb\develop\apache-maven-3.9.4\mvn_repo\io\micrometer\micrometer-observation\1.14.4\micrometer-observation-1.14.4.jar;F:\learning\JavaWeb\develop\apache-maven-3.9.4\mvn_repo\io\micrometer\micrometer-commons\1.14.4\micrometer-commons-1.14.4.jar;F:\learning\JavaWeb\develop\apache-maven-3.9.4\mvn_repo\org\springframework\spring-webmvc\6.2.3\spring-webmvc-6.2.3.jar;F:\learning\JavaWeb\develop\apache-maven-3.9.4\mvn_repo\org\springframework\spring-aop\6.2.3\spring-aop-6.2.3.jar;F:\learning\JavaWeb\develop\apache-maven-3.9.4\mvn_repo\org\springframework\spring-context\6.2.3\spring-context-6.2.3.jar;F:\learning\JavaWeb\develop\apache-maven-3.9.4\mvn_repo\org\springframework\spring-expression\6.2.3\spring-expression-6.2.3.jar;F:\learning\JavaWeb\develop\apache-maven-3.9.4\mvn_repo\org\mybatis\spring\boot\mybatis-spring-boot-starter\3.0.4\mybatis-spring-boot-starter-3.0.4.jar;F:\learning\JavaWeb\develop\apache-maven-3.9.4\mvn_repo\org\springframework\boot\spring-boot-starter-jdbc\3.4.3\spring-boot-starter-jdbc-3.4.3.jar;F:\learning\JavaWeb\develop\apache-maven-3.9.4\mvn_repo\com\zaxxer\HikariCP\5.1.0\HikariCP-5.1.0.jar;F:\learning\JavaWeb\develop\apache-maven-3.9.4\mvn_repo\org\springframework\spring-jdbc\6.2.3\spring-jdbc-6.2.3.jar;F:\learning\JavaWeb\develop\apache-maven-3.9.4\mvn_repo\org\mybatis\spring\boot\mybatis-spring-boot-autoconfigure\3.0.4\mybatis-spring-boot-autoconfigure-3.0.4.jar;F:\learning\JavaWeb\develop\apache-maven-3.9.4\mvn_repo\org\mybatis\mybatis\3.5.17\mybatis-3.5.17.jar;F:\learning\JavaWeb\develop\apache-maven-3.9.4\mvn_repo\org\mybatis\mybatis-spring\3.0.4\mybatis-spring-3.0.4.jar;F:\learning\JavaWeb\develop\apache-maven-3.9.4\mvn_repo\org\springframework\boot\spring-boot-starter-data-redis\3.4.3\spring-boot-starter-data-redis-3.4.3.jar;F:\learning\JavaWeb\develop\apache-maven-3.9.4\mvn_repo\io\lettuce\lettuce-core\6.4.2.RELEASE\lettuce-core-6.4.2.RELEASE.jar;F:\learning\JavaWeb\develop\apache-maven-3.9.4\mvn_repo\io\netty\netty-common\4.1.118.Final\netty-common-4.1.118.Final.jar;F:\learning\JavaWeb\develop\apache-maven-3.9.4\mvn_repo\io\netty\netty-handler\4.1.118.Final\netty-handler-4.1.118.Final.jar;F:\learning\JavaWeb\develop\apache-maven-3.9.4\mvn_repo\io\netty\netty-resolver\4.1.118.Final\netty-resolver-4.1.118.Final.jar;F:\learning\JavaWeb\develop\apache-maven-3.9.4\mvn_repo\io\netty\netty-buffer\4.1.118.Final\netty-buffer-4.1.118.Final.jar;F:\learning\JavaWeb\develop\apache-maven-3.9.4\mvn_repo\io\netty\netty-transport-native-unix-common\4.1.118.Final\netty-transport-native-unix-common-4.1.118.Final.jar;F:\learning\JavaWeb\develop\apache-maven-3.9.4\mvn_repo\io\netty\netty-codec\4.1.118.Final\netty-codec-4.1.118.Final.jar;F:\learning\JavaWeb\develop\apache-maven-3.9.4\mvn_repo\io\netty\netty-transport\4.1.118.Final\netty-transport-4.1.118.Final.jar;F:\learning\JavaWeb\develop\apache-maven-3.9.4\mvn_repo\io\projectreactor\reactor-core\3.7.3\reactor-core-3.7.3.jar;F:\learning\JavaWeb\develop\apache-maven-3.9.4\mvn_repo\org\reactivestreams\reactive-streams\1.0.4\reactive-streams-1.0.4.jar;F:\learning\JavaWeb\develop\apache-maven-3.9.4\mvn_repo\org\springframework\data\spring-data-redis\3.4.3\spring-data-redis-3.4.3.jar;F:\learning\JavaWeb\develop\apache-maven-3.9.4\mvn_repo\org\springframework\data\spring-data-keyvalue\3.4.3\spring-data-keyvalue-3.4.3.jar;F:\learning\JavaWeb\develop\apache-maven-3.9.4\mvn_repo\org\springframework\data\spring-data-commons\3.4.3\spring-data-commons-3.4.3.jar;F:\learning\JavaWeb\develop\apache-maven-3.9.4\mvn_repo\org\springframework\spring-tx\6.2.3\spring-tx-6.2.3.jar;F:\learning\JavaWeb\develop\apache-maven-3.9.4\mvn_repo\org\springframework\spring-oxm\6.2.3\spring-oxm-6.2.3.jar;F:\learning\JavaWeb\develop\apache-maven-3.9.4\mvn_repo\org\springframework\spring-context-support\6.2.3\spring-context-support-6.2.3.jar;F:\learning\JavaWeb\develop\apache-maven-3.9.4\mvn_repo\org\slf4j\slf4j-api\2.0.16\slf4j-api-2.0.16.jar;F:\learning\JavaWeb\develop\apache-maven-3.9.4\mvn_repo\cn\hutool\hutool-all\5.7.17\hutool-all-5.7.17.jar;F:\learning\JavaWeb\develop\apache-maven-3.9.4\mvn_repo\org\apache\commons\commons-pool2\2.12.1\commons-pool2-2.12.1.jar;F:\learning\JavaWeb\develop\apache-maven-3.9.4\mvn_repo\com\mysql\mysql-connector-j\9.1.0\mysql-connector-j-9.1.0.jar;F:\learning\JavaWeb\develop\apache-maven-3.9.4\mvn_repo\org\projectlombok\lombok\1.18.26\lombok-1.18.26.jar;F:\learning\JavaWeb\develop\apache-maven-3.9.4\mvn_repo\org\springframework\boot\spring-boot-starter-test\3.4.3\spring-boot-starter-test-3.4.3.jar;F:\learning\JavaWeb\develop\apache-maven-3.9.4\mvn_repo\org\springframework\boot\spring-boot-test\3.4.3\spring-boot-test-3.4.3.jar;F:\learning\JavaWeb\develop\apache-maven-3.9.4\mvn_repo\org\springframework\boot\spring-boot-test-autoconfigure\3.4.3\spring-boot-test-autoconfigure-3.4.3.jar;F:\learning\JavaWeb\develop\apache-maven-3.9.4\mvn_repo\com\jayway\jsonpath\json-path\2.9.0\json-path-2.9.0.jar;F:\learning\JavaWeb\develop\apache-maven-3.9.4\mvn_repo\jakarta\xml\bind\jakarta.xml.bind-api\4.0.2\jakarta.xml.bind-api-4.0.2.jar;F:\learning\JavaWeb\develop\apache-maven-3.9.4\mvn_repo\jakarta\activation\jakarta.activation-api\2.1.3\jakarta.activation-api-2.1.3.jar;F:\learning\JavaWeb\develop\apache-maven-3.9.4\mvn_repo\net\minidev\json-smart\2.5.2\json-smart-2.5.2.jar;F:\learning\JavaWeb\develop\apache-maven-3.9.4\mvn_repo\net\minidev\accessors-smart\2.5.2\accessors-smart-2.5.2.jar;F:\learning\JavaWeb\develop\apache-maven-3.9.4\mvn_repo\org\ow2\asm\asm\9.7.1\asm-9.7.1.jar;F:\learning\JavaWeb\develop\apache-maven-3.9.4\mvn_repo\org\assertj\assertj-core\3.26.3\assertj-core-3.26.3.jar;F:\learning\JavaWeb\develop\apache-maven-3.9.4\mvn_repo\net\bytebuddy\byte-buddy\1.15.11\byte-buddy-1.15.11.jar;F:\learning\JavaWeb\develop\apache-maven-3.9.4\mvn_repo\org\awaitility\awaitility\4.2.2\awaitility-4.2.2.jar;F:\learning\JavaWeb\develop\apache-maven-3.9.4\mvn_repo\org\hamcrest\hamcrest\2.2\hamcrest-2.2.jar;F:\learning\JavaWeb\develop\apache-maven-3.9.4\mvn_repo\org\junit\jupiter\junit-jupiter\5.11.4\junit-jupiter-5.11.4.jar;F:\learning\JavaWeb\develop\apache-maven-3.9.4\mvn_repo\org\junit\jupiter\junit-jupiter-api\5.11.4\junit-jupiter-api-5.11.4.jar;F:\learning\JavaWeb\develop\apache-maven-3.9.4\mvn_repo\org\opentest4j\opentest4j\1.3.0\opentest4j-1.3.0.jar;F:\learning\JavaWeb\develop\apache-maven-3.9.4\mvn_repo\org\junit\platform\junit-platform-commons\1.11.4\junit-platform-commons-1.11.4.jar;F:\learning\JavaWeb\develop\apache-maven-3.9.4\mvn_repo\org\apiguardian\apiguardian-api\1.1.2\apiguardian-api-1.1.2.jar;F:\learning\JavaWeb\develop\apache-maven-3.9.4\mvn_repo\org\junit\jupiter\junit-jupiter-params\5.11.4\junit-jupiter-params-5.11.4.jar;F:\learning\JavaWeb\develop\apache-maven-3.9.4\mvn_repo\org\junit\jupiter\junit-jupiter-engine\5.11.4\junit-jupiter-engine-5.11.4.jar;F:\learning\JavaWeb\develop\apache-maven-3.9.4\mvn_repo\org\junit\platform\junit-platform-engine\1.11.4\junit-platform-engine-1.11.4.jar;F:\learning\JavaWeb\develop\apache-maven-3.9.4\mvn_repo\org\mockito\mockito-core\5.14.2\mockito-core-5.14.2.jar;F:\learning\JavaWeb\develop\apache-maven-3.9.4\mvn_repo\net\bytebuddy\byte-buddy-agent\1.15.11\byte-buddy-agent-1.15.11.jar;F:\learning\JavaWeb\develop\apache-maven-3.9.4\mvn_repo\org\objenesis\objenesis\3.3\objenesis-3.3.jar;F:\learning\JavaWeb\develop\apache-maven-3.9.4\mvn_repo\org\mockito\mockito-junit-jupiter\5.14.2\mockito-junit-jupiter-5.14.2.jar;F:\learning\JavaWeb\develop\apache-maven-3.9.4\mvn_repo\org\skyscreamer\jsonassert\1.5.3\jsonassert-1.5.3.jar;F:\learning\JavaWeb\develop\apache-maven-3.9.4\mvn_repo\com\vaadin\external\google\android-json\0.0.20131108.vaadin1\android-json-0.0.20131108.vaadin1.jar;F:\learning\JavaWeb\develop\apache-maven-3.9.4\mvn_repo\org\springframework\spring-core\6.2.3\spring-core-6.2.3.jar;F:\learning\JavaWeb\develop\apache-maven-3.9.4\mvn_repo\org\springframework\spring-jcl\6.2.3\spring-jcl-6.2.3.jar;F:\learning\JavaWeb\develop\apache-maven-3.9.4\mvn_repo\org\springframework\spring-test\6.2.3\spring-test-6.2.3.jar;F:\learning\JavaWeb\develop\apache-maven-3.9.4\mvn_repo\org\xmlunit\xmlunit-core\2.10.0\xmlunit-core-2.10.0.jar;F:\learning\JavaWeb\develop\apache-maven-3.9.4\mvn_repo\org\mybatis\spring\boot\mybatis-spring-boot-starter-test\3.0.4\mybatis-spring-boot-starter-test-3.0.4.jar;F:\learning\JavaWeb\develop\apache-maven-3.9.4\mvn_repo\org\mybatis\spring\boot\mybatis-spring-boot-test-autoconfigure\3.0.4\mybatis-spring-boot-test-autoconfigure-3.0.4.jar;F:\learning\JavaWeb\develop\apache-maven-3.9.4\mvn_repo\com\github\pagehelper\pagehelper-spring-boot-starter\1.4.7\pagehelper-spring-boot-starter-1.4.7.jar;F:\learning\JavaWeb\develop\apache-maven-3.9.4\mvn_repo\com\github\pagehelper\pagehelper-spring-boot-autoconfigure\1.4.7\pagehelper-spring-boot-autoconfigure-1.4.7.jar;F:\learning\JavaWeb\develop\apache-maven-3.9.4\mvn_repo\com\github\pagehelper\pagehelper\5.3.3\pagehelper-5.3.3.jar;F:\learning\JavaWeb\develop\apache-maven-3.9.4\mvn_repo\com\github\jsqlparser\jsqlparser\4.5\jsqlparser-4.5.jar;"/>
    <property name="sun.cpu.endian" value="little"/>
    <property name="user.home" value="C:\Users\86138"/>
    <property name="user.language" value="zh"/>
    <property name="java.specification.vendor" value="Oracle Corporation"/>
    <property name="java.version.date" value="2023-10-17"/>
    <property name="java.home" value="C:\Program Files\Microsoft\jdk-17.0.9.8-hotspot"/>
    <property name="file.separator" value="\"/>
    <property name="basedir" value="E:\helper"/>
    <property name="java.vm.compressedOopsMode" value="Zero based"/>
    <property name="line.separator" value="&#10;"/>
    <property name="java.vm.specification.vendor" value="Oracle Corporation"/>
    <property name="java.specification.name" value="Java Platform API Specification"/>
    <property name="FILE_LOG_CHARSET" value="GBK"/>
    <property name="java.awt.headless" value="true"/>
    <property name="surefire.real.class.path" value="C:\Users\86138\AppData\Local\Temp\surefire7750392551331887066\surefirebooter-20250620170103942_3.jar"/>
    <property name="user.script" value=""/>
    <property name="sun.management.compiler" value="HotSpot 64-Bit Tiered Compilers"/>
    <property name="java.runtime.version" value="17.0.9+8-LTS"/>
    <property name="user.name" value="86138"/>
    <property name="path.separator" value=";"/>
    <property name="os.version" value="10.0"/>
    <property name="java.runtime.name" value="OpenJDK Runtime Environment"/>
    <property name="file.encoding" value="GBK"/>
    <property name="java.vm.name" value="OpenJDK 64-Bit Server VM"/>
    <property name="java.vendor.version" value="Microsoft-8552009"/>
    <property name="localRepository" value="F:\learning\JavaWeb\develop\apache-maven-3.9.4\mvn_repo"/>
    <property name="java.vendor.url.bug" value="https://github.com/microsoft/openjdk/issues"/>
    <property name="java.io.tmpdir" value="C:\Users\86138\AppData\Local\Temp\"/>
    <property name="idea.version" value="2023.3.2"/>
    <property name="java.version" value="17.0.9"/>
    <property name="user.dir" value="E:\helper"/>
    <property name="os.arch" value="amd64"/>
    <property name="java.vm.specification.name" value="Java Virtual Machine Specification"/>
    <property name="PID" value="22320"/>
    <property name="sun.os.patch.level" value=""/>
    <property name="CONSOLE_LOG_CHARSET" value="GBK"/>
    <property name="native.encoding" value="GBK"/>
    <property name="java.library.path" value="C:\Program Files\Microsoft\jdk-17.0.9.8-hotspot\bin;C:\WINDOWS\Sun\Java\bin;C:\WINDOWS\system32;C:\WINDOWS;E:\Vmware\bin\;C:\Program Files\Common Files\Oracle\Java\javapath;C:\Program Files\Microsoft\jdk-17.0.9.8-hotspot\bin;C:\Windows\system32;C:\Windows;C:\Windows\System32\Wbem;C:\Windows\System32\WindowsPowerShell\v1.0\;C:\Windows\System32\OpenSSH\;C:\Program Files (x86)\NVIDIA Corporation\PhysX\Common;C:\Program Files\NVIDIA Corporation\NVIDIA NvDLISR;C:\Program Files\mingw64\bin;C:\Program Files\dotnet\;E:\bin;C:\Program Files\Git\cmd;C:\Program Files\Java\jdk-21\bin;C:\Program Files\Java\jdk-21\jre\bin;%M2_HOME%\bin;E:\露芦麓贸麓贸脪禄脨猫脪陋脠铆录镁\麓贸脪禄脠铆录镁\openjfx-21.0.2_windows-x64_bin-sdk\javafx-sdk-21.0.2\bin;F:\learning\JavaWeb\develop\apache-maven-3.9.4\bin;F:\learning\JavaWeb\develop\mysql-8.0.34-winx64\bin;C:\WINDOWS\system32;C:\WINDOWS;C:\WINDOWS\System32\Wbem;C:\WINDOWS\System32\WindowsPowerShell\v1.0\;C:\WINDOWS\System32\OpenSSH\;F:\Learning\JavaWeb\develop\nodejs\;F:\Latex\texlive\2025\bin\windows;F:\Learning\JavaWeb\Redis\Redis-x64-5.0.14.1;C:\Users\86138\AppData\Local\Microsoft\WindowsApps;E:\Microsoft VS Code\bin;C:\Program Files\mingw64\bin;C:\Users\86138\AppData\Local\GitHubDesktop\bin;C:\mingw64\bin;C:\Users\86138\AppData\Local\Programs\Ollama;C:\Users\86138\AppData\Roaming\npm;."/>
    <property name="java.vm.info" value="mixed mode, sharing"/>
    <property name="java.vendor" value="Microsoft"/>
    <property name="java.vm.version" value="17.0.9+8-LTS"/>
    <property name="sun.io.unicode.encoding" value="UnicodeLittle"/>
    <property name="maven.repo.local" value="F:\learning\JavaWeb\develop\apache-maven-3.9.4\mvn_repo"/>
    <property name="java.class.version" value="61.0"/>
    <property name="LOGGED_APPLICATION_NAME" value="[helper] "/>
  </properties>
  <testcase name="page_futureDateTime" classname="org.example.HealthInfoServiceImplTest" time="0.107">
    <error message="class java.util.ImmutableCollections$List12 cannot be cast to class com.github.pagehelper.Page (java.util.ImmutableCollections$List12 is in module java.base of loader &apos;bootstrap&apos;; com.github.pagehelper.Page is in unnamed module of loader &apos;app&apos;)" type="java.lang.ClassCastException"><![CDATA[java.lang.ClassCastException: class java.util.ImmutableCollections$List12 cannot be cast to class com.github.pagehelper.Page (java.util.ImmutableCollections$List12 is in module java.base of loader 'bootstrap'; com.github.pagehelper.Page is in unnamed module of loader 'app')
	at org.example.service.Impl.HealthInfoServiceImpl.page(HealthInfoServiceImpl.java:49)
	at org.example.HealthInfoServiceImplTest.page_futureDateTime(HealthInfoServiceImplTest.java:194)
	at java.base/java.lang.reflect.Method.invoke(Method.java:568)
	at java.base/java.util.ArrayList.forEach(ArrayList.java:1511)
	at java.base/java.util.ArrayList.forEach(ArrayList.java:1511)
]]></error>
  </testcase>
  <testcase name="add_validHealthInfo" classname="org.example.HealthInfoServiceImplTest" time="0.012">
    <error message="&#10;Only void methods can doNothing()!&#10;Example of correct use of doNothing():&#10;    doNothing().&#10;    doThrow(new RuntimeException())&#10;    .when(mock).someVoidMethod();&#10;Above means:&#10;someVoidMethod() does nothing the 1st time but throws an exception the 2nd time is called" type="org.mockito.exceptions.base.MockitoException"><![CDATA[org.mockito.exceptions.base.MockitoException: 

Only void methods can doNothing()!
Example of correct use of doNothing():
    doNothing().
    doThrow(new RuntimeException())
    .when(mock).someVoidMethod();
Above means:
someVoidMethod() does nothing the 1st time but throws an exception the 2nd time is called
	at org.example.HealthInfoServiceImplTest.add_validHealthInfo(HealthInfoServiceImplTest.java:37)
	at java.base/java.lang.reflect.Method.invoke(Method.java:568)
	at java.base/java.util.ArrayList.forEach(ArrayList.java:1511)
	at java.base/java.util.ArrayList.forEach(ArrayList.java:1511)
]]></error>
  </testcase>
  <testcase name="update_emptyDate" classname="org.example.HealthInfoServiceImplTest" time="0.004"/>
  <testcase name="page_validRequest" classname="org.example.HealthInfoServiceImplTest" time="0.004">
    <error message="class java.util.ImmutableCollections$List12 cannot be cast to class com.github.pagehelper.Page (java.util.ImmutableCollections$List12 is in module java.base of loader &apos;bootstrap&apos;; com.github.pagehelper.Page is in unnamed module of loader &apos;app&apos;)" type="java.lang.ClassCastException"><![CDATA[java.lang.ClassCastException: class java.util.ImmutableCollections$List12 cannot be cast to class com.github.pagehelper.Page (java.util.ImmutableCollections$List12 is in module java.base of loader 'bootstrap'; com.github.pagehelper.Page is in unnamed module of loader 'app')
	at org.example.service.Impl.HealthInfoServiceImpl.page(HealthInfoServiceImpl.java:49)
	at org.example.HealthInfoServiceImplTest.page_validRequest(HealthInfoServiceImplTest.java:170)
	at java.base/java.lang.reflect.Method.invoke(Method.java:568)
	at java.base/java.util.ArrayList.forEach(ArrayList.java:1511)
	at java.base/java.util.ArrayList.forEach(ArrayList.java:1511)
]]></error>
  </testcase>
  <testcase name="add_emptyDescription" classname="org.example.HealthInfoServiceImplTest" time="0.002"/>
  <testcase name="update_nullId" classname="org.example.HealthInfoServiceImplTest" time="0.003"/>
  <testcase name="update_nullDescription" classname="org.example.HealthInfoServiceImplTest" time="0.002"/>
  <testcase name="add_extremeStatus" classname="org.example.HealthInfoServiceImplTest" time="0.003"/>
  <testcase name="get_existingId" classname="org.example.HealthInfoServiceImplTest" time="0.003"/>
  <testcase name="page_invalidPageZero" classname="org.example.HealthInfoServiceImplTest" time="0.006">
    <failure message="Unexpected exception type thrown, expected: &lt;java.lang.ArithmeticException&gt; but was: &lt;java.lang.ClassCastException&gt;" type="org.opentest4j.AssertionFailedError"><![CDATA[org.opentest4j.AssertionFailedError: Unexpected exception type thrown, expected: <java.lang.ArithmeticException> but was: <java.lang.ClassCastException>
	at org.junit.jupiter.api.AssertionFailureBuilder.build(AssertionFailureBuilder.java:151)
	at org.junit.jupiter.api.AssertThrows.assertThrows(AssertThrows.java:67)
	at org.junit.jupiter.api.AssertThrows.assertThrows(AssertThrows.java:35)
	at org.junit.jupiter.api.Assertions.assertThrows(Assertions.java:3128)
	at org.example.HealthInfoServiceImplTest.page_invalidPageZero(HealthInfoServiceImplTest.java:183)
	at java.base/java.lang.reflect.Method.invoke(Method.java:568)
	at java.base/java.util.ArrayList.forEach(ArrayList.java:1511)
	at java.base/java.util.ArrayList.forEach(ArrayList.java:1511)
Caused by: java.lang.ClassCastException: class java.util.LinkedList cannot be cast to class com.github.pagehelper.Page (java.util.LinkedList is in module java.base of loader 'bootstrap'; com.github.pagehelper.Page is in unnamed module of loader 'app')
	at org.example.service.Impl.HealthInfoServiceImpl.page(HealthInfoServiceImpl.java:49)
	at org.example.HealthInfoServiceImplTest.lambda$page_invalidPageZero$2(HealthInfoServiceImplTest.java:183)
	at org.junit.jupiter.api.AssertThrows.assertThrows(AssertThrows.java:53)
	... 6 more
]]></failure>
  </testcase>
  <testcase name="get_negativeId" classname="org.example.HealthInfoServiceImplTest" time="0.003"/>
  <testcase name="page_emptyResult" classname="org.example.HealthInfoServiceImplTest" time="0.002">
    <error message="class java.util.Collections$EmptyList cannot be cast to class com.github.pagehelper.Page (java.util.Collections$EmptyList is in module java.base of loader &apos;bootstrap&apos;; com.github.pagehelper.Page is in unnamed module of loader &apos;app&apos;)" type="java.lang.ClassCastException"><![CDATA[java.lang.ClassCastException: class java.util.Collections$EmptyList cannot be cast to class com.github.pagehelper.Page (java.util.Collections$EmptyList is in module java.base of loader 'bootstrap'; com.github.pagehelper.Page is in unnamed module of loader 'app')
	at org.example.service.Impl.HealthInfoServiceImpl.page(HealthInfoServiceImpl.java:49)
	at org.example.HealthInfoServiceImplTest.page_emptyResult(HealthInfoServiceImplTest.java:177)
	at java.base/java.lang.reflect.Method.invoke(Method.java:568)
	at java.base/java.util.ArrayList.forEach(ArrayList.java:1511)
	at java.base/java.util.ArrayList.forEach(ArrayList.java:1511)
]]></error>
  </testcase>
  <testcase name="add_negativeStatus" classname="org.example.HealthInfoServiceImplTest" time="0.003"/>
  <testcase name="delete_nullId" classname="org.example.HealthInfoServiceImplTest" time="0.003">
    <failure message="Expected java.lang.NullPointerException to be thrown, but nothing was thrown." type="org.opentest4j.AssertionFailedError"><![CDATA[org.opentest4j.AssertionFailedError: Expected java.lang.NullPointerException to be thrown, but nothing was thrown.
	at org.junit.jupiter.api.AssertionFailureBuilder.build(AssertionFailureBuilder.java:152)
	at org.junit.jupiter.api.AssertThrows.assertThrows(AssertThrows.java:73)
	at org.junit.jupiter.api.AssertThrows.assertThrows(AssertThrows.java:35)
	at org.junit.jupiter.api.Assertions.assertThrows(Assertions.java:3128)
	at org.example.HealthInfoServiceImplTest.delete_nullId(HealthInfoServiceImplTest.java:97)
	at java.base/java.lang.reflect.Method.invoke(Method.java:568)
	at java.base/java.util.ArrayList.forEach(ArrayList.java:1511)
	at java.base/java.util.ArrayList.forEach(ArrayList.java:1511)
]]></failure>
  </testcase>
  <testcase name="delete_negativeId" classname="org.example.HealthInfoServiceImplTest" time="0.004"/>
  <testcase name="get_largeId" classname="org.example.HealthInfoServiceImplTest" time="0.003"/>
  <testcase name="delete_zeroId" classname="org.example.HealthInfoServiceImplTest" time="0.002"/>
  <testcase name="delete_largeId" classname="org.example.HealthInfoServiceImplTest" time="0.004"/>
  <testcase name="add_nullDate" classname="org.example.HealthInfoServiceImplTest" time="0.004"/>
  <testcase name="delete_validId" classname="org.example.HealthInfoServiceImplTest" time="0.003"/>
  <testcase name="get_nullId" classname="org.example.HealthInfoServiceImplTest" time="0.003">
    <failure message="Expected java.lang.NullPointerException to be thrown, but nothing was thrown." type="org.opentest4j.AssertionFailedError"><![CDATA[org.opentest4j.AssertionFailedError: Expected java.lang.NullPointerException to be thrown, but nothing was thrown.
	at org.junit.jupiter.api.AssertionFailureBuilder.build(AssertionFailureBuilder.java:152)
	at org.junit.jupiter.api.AssertThrows.assertThrows(AssertThrows.java:73)
	at org.junit.jupiter.api.AssertThrows.assertThrows(AssertThrows.java:35)
	at org.junit.jupiter.api.Assertions.assertThrows(Assertions.java:3128)
	at org.example.HealthInfoServiceImplTest.get_nullId(HealthInfoServiceImplTest.java:163)
	at java.base/java.lang.reflect.Method.invoke(Method.java:568)
	at java.base/java.util.ArrayList.forEach(ArrayList.java:1511)
	at java.base/java.util.ArrayList.forEach(ArrayList.java:1511)
]]></failure>
  </testcase>
  <testcase name="get_zeroId" classname="org.example.HealthInfoServiceImplTest" time="0.003"/>
  <testcase name="update_normalUpdate" classname="org.example.HealthInfoServiceImplTest" time="0.002"/>
  <testcase name="update_longDescription" classname="org.example.HealthInfoServiceImplTest" time="0.002"/>
  <testcase name="page_invalidPageSizeZero" classname="org.example.HealthInfoServiceImplTest" time="0.006">
    <failure message="Unexpected exception type thrown, expected: &lt;java.lang.ArithmeticException&gt; but was: &lt;java.lang.ClassCastException&gt;" type="org.opentest4j.AssertionFailedError"><![CDATA[org.opentest4j.AssertionFailedError: Unexpected exception type thrown, expected: <java.lang.ArithmeticException> but was: <java.lang.ClassCastException>
	at org.junit.jupiter.api.AssertionFailureBuilder.build(AssertionFailureBuilder.java:151)
	at org.junit.jupiter.api.AssertThrows.assertThrows(AssertThrows.java:67)
	at org.junit.jupiter.api.AssertThrows.assertThrows(AssertThrows.java:35)
	at org.junit.jupiter.api.Assertions.assertThrows(Assertions.java:3128)
	at org.example.HealthInfoServiceImplTest.page_invalidPageSizeZero(HealthInfoServiceImplTest.java:188)
	at java.base/java.lang.reflect.Method.invoke(Method.java:568)
	at java.base/java.util.ArrayList.forEach(ArrayList.java:1511)
	at java.base/java.util.ArrayList.forEach(ArrayList.java:1511)
Caused by: java.lang.ClassCastException: class java.util.LinkedList cannot be cast to class com.github.pagehelper.Page (java.util.LinkedList is in module java.base of loader 'bootstrap'; com.github.pagehelper.Page is in unnamed module of loader 'app')
	at org.example.service.Impl.HealthInfoServiceImpl.page(HealthInfoServiceImpl.java:49)
	at org.example.HealthInfoServiceImplTest.lambda$page_invalidPageSizeZero$3(HealthInfoServiceImplTest.java:188)
	at org.junit.jupiter.api.AssertThrows.assertThrows(AssertThrows.java:53)
	... 6 more
]]></failure>
  </testcase>
</testsuite>